Case #1: adgjmptwgtpwdjpgtmwapgmjtdtmjmdtgwjtgpjtgmdpgtpgmdpmgtptgmwdpgmjtpamgdmdjpgjpjwtpmjgdajpwdjpajmtmgwmgatmjdpgwmgwjpdpjt
Case #2: behknquxquxkxqueqhnbxkuqeqknbkhnhukxnueqhnkxnqenhunxhqkuneq
Case #3: cfilorvycfilorfoyfviolylrflrifvlroflifi
Case #4: mzmzmzmzmzmzmzmzmzmzmzmzmzmzm
Case #5: mwapgmjtethmjmjtgpjtgodpgtpgmdpmgtqtgmwdpfgmjtpamgdmdjpegjpjwtpmjgdajpkhnuzptqmwdjrajmtogwm
Case #6: bflvfqhogyv
Case #7: betgpjmgpdtgtmjgwjmtpmjdgjtqmugmtpltmptgxjmrgmitpjtgtpjgmampdgmpatgwjdgdgwtpmagjmgtmjpmjhjmdgjdgngjgjmdp
Case #8:  watatpdmj tadptpwadj awdtatdpadg atdptpj adtpadtgpwadg tadajmpgrgdtjp adtptatatsdmatdwp atpamdtdptgm
Case #9: atdwpwadtgpadj adgwt    adtpatdjtpwdgjpa  adadgatwpmdaj    adpmtamdjdgtpmj adgpmtapmdg         adgpmtapmgd  pamdm
Case #10: apmtpmj a    adgwtwadgpmad   dagwawtpgwtpda    adjtwpwatdgpwpa    ajtwtadtwpwa     adgwtapdtg   adgtptma   a  a      
Case #11:            apmtpmj a    adgwtwadgpmad   dagwawtpgwtpda    adjtwpwatdgpwpa    ajtwtadtwpwa     adgwtapdtg   adgtptmae
Case #12: adgjmptwtpmjwmjtmwgmjptagjadgjmptwtpmjwmjtmwgmjptagjjptagja
Case #13: ddmptwadgjmgtpwjmptwaddgpwjdmavnjgddp
Case #14: a wdjppadw awdgt waa adtwadpjmad adgtprg a  ad    dagtwapgd a  adgwp   adgtppww
Case #15: adtpmgbbao mmspnprpppdwxwwwhgjlul
Case #16: w dwgtpjlklkvvvu
Case #17: adw tpadyzdudtgpatmxwtpgdjpma adghpmga
Case #18:  wtadg twadjpmtadmpmatdgpmtpamdtpm agm adgtpmapd
Case #19:                          wrzmwpytwtutqppvgwdv
Case #20: watdgp wtnmtdagptppdgtpwtad adgtpa   dagwtpdagmamgdtpmmdgpmtaugwd gj twajdgjdgm  dag
